-------------------------------------------------------------------------------
Test set: com.acme.orders.api.tests.OrderResourceTest
-------------------------------------------------------------------------------
Tests run: 1, Failures: 0, Errors: 1, Skipped: 0, Time elapsed: 1.432 sec <<< FAILURE!
com.acme.orders.api.tests.OrderResourceTest  Time elapsed: 1.431 sec  <<< ERROR!
java.lang.RuntimeException: io.dropwizard.configuration.ConfigurationParsingException: /home/ahmed/Desktop/MicroService/Microservice Development with Java EE 8/Code/Section 3/3.8-acme-orders/api/target/test-classes/config.yml has an error:
  * Unrecognized field at: validationQuery
    Did you mean?:
      - catalogueUrl
      - database
      - paymentsUrl
      - authPublicKey
      - logging
        [3 more]

	at io.dropwizard.testing.DropwizardTestSupport.startIfRequired(DropwizardTestSupport.java:230)
	at io.dropwizard.testing.DropwizardTestSupport.before(DropwizardTestSupport.java:141)
	at io.dropwizard.testing.junit.DropwizardAppRule.before(DropwizardAppRule.java:154)
	at org.junit.rules.ExternalResource$1.evaluate(ExternalResource.java:46)
	at org.junit.rules.RunRules.evaluate(RunRules.java:20)
	at org.junit.runners.ParentRunner.run(ParentRunner.java:363)
	at org.apache.maven.surefire.junit4.JUnit4Provider.execute(JUnit4Provider.java:252)
	at org.apache.maven.surefire.junit4.JUnit4Provider.executeTestSet(JUnit4Provider.java:141)
	at org.apache.maven.surefire.junit4.JUnit4Provider.invoke(JUnit4Provider.java:112)
	at sun.reflect.NativeMethodAccessorImpl.invoke0(Native Method)
	at sun.reflect.NativeMethodAccessorImpl.invoke(NativeMethodAccessorImpl.java:62)
	at sun.reflect.DelegatingMethodAccessorImpl.invoke(DelegatingMethodAccessorImpl.java:43)
	at java.lang.reflect.Method.invoke(Method.java:498)
	at org.apache.maven.surefire.util.ReflectionUtils.invokeMethodWithArray(ReflectionUtils.java:189)
	at org.apache.maven.surefire.booter.ProviderFactory$ProviderProxy.invoke(ProviderFactory.java:165)
	at org.apache.maven.surefire.booter.ProviderFactory.invokeProvider(ProviderFactory.java:85)
	at org.apache.maven.surefire.booter.ForkedBooter.runSuitesInProcess(ForkedBooter.java:115)
	at org.apache.maven.surefire.booter.ForkedBooter.main(ForkedBooter.java:75)
Caused by: io.dropwizard.configuration.ConfigurationParsingException: /home/ahmed/Desktop/MicroService/Microservice Development with Java EE 8/Code/Section 3/3.8-acme-orders/api/target/test-classes/config.yml has an error:
  * Unrecognized field at: validationQuery
    Did you mean?:
      - catalogueUrl
      - database
      - paymentsUrl
      - authPublicKey
      - logging
        [3 more]

	at io.dropwizard.configuration.ConfigurationParsingException$Builder.build(ConfigurationParsingException.java:276)
	at io.dropwizard.configuration.BaseConfigurationFactory.build(BaseConfigurationFactory.java:141)
	at io.dropwizard.configuration.BaseConfigurationFactory.build(BaseConfigurationFactory.java:92)
	at io.dropwizard.cli.ConfiguredCommand.parseConfiguration(ConfiguredCommand.java:124)
	at io.dropwizard.cli.ConfiguredCommand.run(ConfiguredCommand.java:72)
	at io.dropwizard.testing.DropwizardTestSupport.startIfRequired(DropwizardTestSupport.java:227)
	... 17 more
Caused by: com.fasterxml.jackson.databind.exc.UnrecognizedPropertyException: Unrecognized field "validationQuery" (class com.acme.orders.api.rest.v1.RestConfiguration), not marked as ignorable (8 known properties: "paymentsUrl", "server", "catalogueUrl", "customersUrl", "database", "authPublicKey", "logging", "metrics"])
 at [Source: N/A; line: -1, column: -1] (through reference chain: com.acme.orders.api.rest.v1.RestConfiguration["validationQuery"])
	at com.fasterxml.jackson.databind.exc.UnrecognizedPropertyException.from(UnrecognizedPropertyException.java:62)
	at com.fasterxml.jackson.databind.DeserializationContext.handleUnknownProperty(DeserializationContext.java:834)
	at com.fasterxml.jackson.databind.deser.std.StdDeserializer.handleUnknownProperty(StdDeserializer.java:1094)
	at com.fasterxml.jackson.databind.deser.BeanDeserializerBase.handleUnknownProperty(BeanDeserializerBase.java:1470)
	at com.fasterxml.jackson.databind.deser.BeanDeserializerBase.handleUnknownVanilla(BeanDeserializerBase.java:1448)
	at com.fasterxml.jackson.databind.deser.BeanDeserializer.deserialize(BeanDeserializer.java:246)
	at com.fasterxml.jackson.module.afterburner.deser.SuperSonicBeanDeserializer.deserialize(SuperSonicBeanDeserializer.java:152)
	at com.fasterxml.jackson.databind.ObjectMapper._readValue(ObjectMapper.java:3770)
	at com.fasterxml.jackson.databind.ObjectMapper.readValue(ObjectMapper.java:2099)
	at io.dropwizard.configuration.BaseConfigurationFactory.build(BaseConfigurationFactory.java:128)
	... 21 more

