<?xml version="1.0" encoding="UTF-8" ?>
<testsuite tests="1" failures="0" name="com.acme.orders.api.tests.OrderResourceTest" time="1.431" errors="1" skipped="0">
  <properties>
    <property name="java.runtime.name" value="Java(TM) SE Runtime Environment"/>
    <property name="sun.boot.library.path" value="/usr/lib/java/jdk1.8.0_131/jre/lib/amd64"/>
    <property name="java.vm.version" value="25.131-b11"/>
    <property name="java.vm.vendor" value="Oracle Corporation"/>
    <property name="maven.multiModuleProjectDirectory" value="/home/ahmed/Desktop/MicroService/Microservice Development with Java EE 8/Code/Section 3/3.8-acme-orders"/>
    <property name="java.vendor.url" value="http://java.oracle.com/"/>
    <property name="path.separator" value=":"/>
    <property name="guice.disable.misplaced.annotation.check" value="true"/>
    <property name="java.vm.name" value="Java HotSpot(TM) 64-Bit Server VM"/>
    <property name="file.encoding.pkg" value="sun.io"/>
    <property name="user.country" value="IN"/>
    <property name="sun.java.launcher" value="SUN_STANDARD"/>
    <property name="sun.os.patch.level" value="unknown"/>
    <property name="java.vm.specification.name" value="Java Virtual Machine Specification"/>
    <property name="user.dir" value="/home/ahmed/Desktop/MicroService/Microservice Development with Java EE 8/Code/Section 3/3.8-acme-orders"/>
    <property name="java.runtime.version" value="1.8.0_131-b11"/>
    <property name="java.awt.graphicsenv" value="sun.awt.X11GraphicsEnvironment"/>
    <property name="java.endorsed.dirs" value="/usr/lib/java/jdk1.8.0_131/jre/lib/endorsed"/>
    <property name="os.arch" value="amd64"/>
    <property name="java.io.tmpdir" value="/tmp"/>
    <property name="line.separator" value="
"/>
    <property name="java.vm.specification.vendor" value="Oracle Corporation"/>
    <property name="os.name" value="Linux"/>
    <property name="classworlds.conf" value="/home/ahmed/Documents/4-4.6.2.RELEASE-MicroServices/.metadata/.plugins/org.eclipse.m2e.launching/launches/m2conf2553906796991197492.tmp"/>
    <property name="jansi.force" value="true"/>
    <property name="sun.jnu.encoding" value="UTF-8"/>
    <property name="java.library.path" value="/u01/app/oracle/product/11.2.0/xe/lib:/usr/java/packages/lib/amd64:/usr/lib64:/lib64:/lib:/usr/lib"/>
    <property name="java.specification.name" value="Java Platform API Specification"/>
    <property name="java.class.version" value="52.0"/>
    <property name="sun.management.compiler" value="HotSpot 64-Bit Tiered Compilers"/>
    <property name="os.version" value="4.4.0-148-generic"/>
    <property name="user.home" value="/home/ahmed"/>
    <property name="user.timezone" value="Asia/Kolkata"/>
    <property name="java.awt.printerjob" value="sun.print.PSPrinterJob"/>
    <property name="java.specification.version" value="1.8"/>
    <property name="file.encoding" value="UTF-8"/>
    <property name="user.name" value="ahmed"/>
    <property name="java.class.path" value="/home/ahmed/sts-bundle/sts-4.6.2.RELEASE/plugins/org.eclipse.m2e.maven.runtime_1.15.0.20200310-1832/jars/plexus-classworlds-2.6.0.jar"/>
    <property name="java.vm.specification.version" value="1.8"/>
    <property name="sun.arch.data.model" value="64"/>
    <property name="java.home" value="/usr/lib/java/jdk1.8.0_131/jre"/>
    <property name="sun.java.command" value="org.codehaus.plexus.classworlds.launcher.Launcher -B install -Dstyle.color=always"/>
    <property name="java.specification.vendor" value="Oracle Corporation"/>
    <property name="user.language" value="en"/>
    <property name="awt.toolkit" value="sun.awt.X11.XToolkit"/>
    <property name="java.vm.info" value="mixed mode"/>
    <property name="java.version" value="1.8.0_131"/>
    <property name="java.ext.dirs" value="/usr/lib/java/jdk1.8.0_131/jre/lib/ext:/usr/java/packages/lib/ext"/>
    <property name="securerandom.source" value="file:/dev/./urandom"/>
    <property name="sun.boot.class.path" value="/usr/lib/java/jdk1.8.0_131/jre/lib/resources.jar:/usr/lib/java/jdk1.8.0_131/jre/lib/rt.jar:/usr/lib/java/jdk1.8.0_131/jre/lib/sunrsasign.jar:/usr/lib/java/jdk1.8.0_131/jre/lib/jsse.jar:/usr/lib/java/jdk1.8.0_131/jre/lib/jce.jar:/usr/lib/java/jdk1.8.0_131/jre/lib/charsets.jar:/usr/lib/java/jdk1.8.0_131/jre/lib/jfr.jar:/usr/lib/java/jdk1.8.0_131/jre/classes"/>
    <property name="java.vendor" value="Oracle Corporation"/>
    <property name="maven.home" value="/home/ahmed/Desktop/MicroService/Microservice Development with Java EE 8/Code/Section 3/3.8-acme-orders/EMBEDDED"/>
    <property name="style.color" value="always"/>
    <property name="file.separator" value="/"/>
    <property name="java.vendor.url.bug" value="http://bugreport.sun.com/bugreport/"/>
    <property name="sun.cpu.endian" value="little"/>
    <property name="sun.io.unicode.encoding" value="UnicodeLittle"/>
    <property name="sun.desktop" value="gnome"/>
    <property name="sun.cpu.isalist" value=""/>
  </properties>
  <testcase classname="com.acme.orders.api.tests.OrderResourceTest" name="com.acme.orders.api.tests.OrderResourceTest" time="1.431">
    <error message="io.dropwizard.configuration.ConfigurationParsingException: /home/ahmed/Desktop/MicroService/Microservice Development with Java EE 8/Code/Section 3/3.8-acme-orders/api/target/test-classes/config.yml has an error:
  * Unrecognized field at: validationQuery
    Did you mean?:
      - catalogueUrl
      - database
      - paymentsUrl
      - authPublicKey
      - logging
        [3 more]
" type="java.lang.RuntimeException">java.lang.RuntimeException: io.dropwizard.configuration.ConfigurationParsingException: /home/ahmed/Desktop/MicroService/Microservice Development with Java EE 8/Code/Section 3/3.8-acme-orders/api/target/test-classes/config.yml has an error:
  * Unrecognized field at: validationQuery
    Did you mean?:
      - catalogueUrl
      - database
      - paymentsUrl
      - authPublicKey
      - logging
        [3 more]

	at io.dropwizard.testing.DropwizardTestSupport.startIfRequired(DropwizardTestSupport.java:230)
	at io.dropwizard.testing.DropwizardTestSupport.before(DropwizardTestSupport.java:141)
	at io.dropwizard.testing.junit.DropwizardAppRule.before(DropwizardAppRule.java:154)
	at org.junit.rules.ExternalResource$1.evaluate(ExternalResource.java:46)
	at org.junit.rules.RunRules.evaluate(RunRules.java:20)
	at org.junit.runners.ParentRunner.run(ParentRunner.java:363)
	at org.apache.maven.surefire.junit4.JUnit4Provider.execute(JUnit4Provider.java:252)
	at org.apache.maven.surefire.junit4.JUnit4Provider.executeTestSet(JUnit4Provider.java:141)
	at org.apache.maven.surefire.junit4.JUnit4Provider.invoke(JUnit4Provider.java:112)
	at sun.reflect.NativeMethodAccessorImpl.invoke0(Native Method)
	at sun.reflect.NativeMethodAccessorImpl.invoke(NativeMethodAccessorImpl.java:62)
	at sun.reflect.DelegatingMethodAccessorImpl.invoke(DelegatingMethodAccessorImpl.java:43)
	at java.lang.reflect.Method.invoke(Method.java:498)
	at org.apache.maven.surefire.util.ReflectionUtils.invokeMethodWithArray(ReflectionUtils.java:189)
	at org.apache.maven.surefire.booter.ProviderFactory$ProviderProxy.invoke(ProviderFactory.java:165)
	at org.apache.maven.surefire.booter.ProviderFactory.invokeProvider(ProviderFactory.java:85)
	at org.apache.maven.surefire.booter.ForkedBooter.runSuitesInProcess(ForkedBooter.java:115)
	at org.apache.maven.surefire.booter.ForkedBooter.main(ForkedBooter.java:75)
Caused by: io.dropwizard.configuration.ConfigurationParsingException: /home/ahmed/Desktop/MicroService/Microservice Development with Java EE 8/Code/Section 3/3.8-acme-orders/api/target/test-classes/config.yml has an error:
  * Unrecognized field at: validationQuery
    Did you mean?:
      - catalogueUrl
      - database
      - paymentsUrl
      - authPublicKey
      - logging
        [3 more]

	at io.dropwizard.configuration.ConfigurationParsingException$Builder.build(ConfigurationParsingException.java:276)
	at io.dropwizard.configuration.BaseConfigurationFactory.build(BaseConfigurationFactory.java:141)
	at io.dropwizard.configuration.BaseConfigurationFactory.build(BaseConfigurationFactory.java:92)
	at io.dropwizard.cli.ConfiguredCommand.parseConfiguration(ConfiguredCommand.java:124)
	at io.dropwizard.cli.ConfiguredCommand.run(ConfiguredCommand.java:72)
	at io.dropwizard.testing.DropwizardTestSupport.startIfRequired(DropwizardTestSupport.java:227)
	... 17 more
Caused by: com.fasterxml.jackson.databind.exc.UnrecognizedPropertyException: Unrecognized field &quot;validationQuery&quot; (class com.acme.orders.api.rest.v1.RestConfiguration), not marked as ignorable (8 known properties: &quot;paymentsUrl&quot;, &quot;server&quot;, &quot;catalogueUrl&quot;, &quot;customersUrl&quot;, &quot;database&quot;, &quot;authPublicKey&quot;, &quot;logging&quot;, &quot;metrics&quot;])
 at [Source: N/A; line: -1, column: -1] (through reference chain: com.acme.orders.api.rest.v1.RestConfiguration[&quot;validationQuery&quot;])
	at com.fasterxml.jackson.databind.exc.UnrecognizedPropertyException.from(UnrecognizedPropertyException.java:62)
	at com.fasterxml.jackson.databind.DeserializationContext.handleUnknownProperty(DeserializationContext.java:834)
	at com.fasterxml.jackson.databind.deser.std.StdDeserializer.handleUnknownProperty(StdDeserializer.java:1094)
	at com.fasterxml.jackson.databind.deser.BeanDeserializerBase.handleUnknownProperty(BeanDeserializerBase.java:1470)
	at com.fasterxml.jackson.databind.deser.BeanDeserializerBase.handleUnknownVanilla(BeanDeserializerBase.java:1448)
	at com.fasterxml.jackson.databind.deser.BeanDeserializer.deserialize(BeanDeserializer.java:246)
	at com.fasterxml.jackson.module.afterburner.deser.SuperSonicBeanDeserializer.deserialize(SuperSonicBeanDeserializer.java:152)
	at com.fasterxml.jackson.databind.ObjectMapper._readValue(ObjectMapper.java:3770)
	at com.fasterxml.jackson.databind.ObjectMapper.readValue(ObjectMapper.java:2099)
	at io.dropwizard.configuration.BaseConfigurationFactory.build(BaseConfigurationFactory.java:128)
	... 21 more
</error>
  </testcase>
</testsuite>